#
# There is insufficient memory for the Java Runtime Environment to continue.
# Native memory allocation (malloc) failed to allocate 1048576 bytes for AllocateHeap
# Possible reasons:
#   The system is out of physical RAM or swap space
#   In 32 bit mode, the process size limit was hit
# Possible solutions:
#   Reduce memory load on the system
#   Increase physical memory or swap space
#   Check if swap backing store is full
#   Use 64 bit Java on a 64 bit OS
#   Decrease Java heap size (-Xmx/-Xms)
#   Decrease number of Java threads
#   Decrease Java thread stack sizes (-Xss)
#   Set larger code cache with -XX:ReservedCodeCacheSize=
# This output file may be truncated or incomplete.
#
#  Out of Memory Error (memory/allocation.inline.hpp:61), pid=18784, tid=0x0000000000002570
#
# JRE version:  (8.0_161-b12) (build )
# Java VM: Java HotSpot(TM) 64-Bit Server VM (25.161-b12 mixed mode windows-amd64 compressed oops)
# Failed to write core dump. Minidumps are not enabled by default on client versions of Windows
#

---------------  T H R E A D  ---------------

Current thread (0x0000000003132800):  JavaThread "Unknown thread" [_thread_in_vm, id=9584, stack(0x0000000002e50000,0x0000000002f50000)]

Stack: [0x0000000002e50000,0x0000000002f50000]
[error occurred during error reporting (printing stack bounds), id 0xc0000005]

Native frames: (J=compiled Java code, j=interpreted, Vv=VM code, C=native code)


---------------  P R O C E S S  ---------------

Java Threads: ( => current thread )

Other Threads:

=>0x0000000003132800 (exited) JavaThread "Unknown thread" [_thread_in_vm, id=9584, stack(0x0000000002e50000,0x0000000002f50000)]

VM state:not at safepoint (normal execution)

VM Mutex/Monitor currently owned by a thread: None

Heap:
 PSYoungGen      total 38400K, used 665K [0x00000000d5e00000, 0x00000000d8880000, 0x0000000100000000)
  eden space 33280K, 2% used [0x00000000d5e00000,0x00000000d5ea6670,0x00000000d7e80000)
  from space 5120K, 0% used [0x00000000d8380000,0x00000000d8380000,0x00000000d8880000)
  to   space 5120K, 0% used [0x00000000d7e80000,0x00000000d7e80000,0x00000000d8380000)
 ParOldGen       total 87552K, used 0K [0x0000000081a00000, 0x0000000086f80000, 0x00000000d5e00000)
  object space 87552K, 0% used [0x0000000081a00000,0x0000000081a00000,0x0000000086f80000)
 Metaspace       used 770K, capacity 4480K, committed 4480K, reserved 1056768K
  class space    used 75K, capacity 384K, committed 384K, reserved 1048576K

Card table byte_map: [0x00000000125f0000,0x00000000129f0000] byte_map_base: 0x00000000121e3000

Marking Bits: (ParMarkBitMap*) 0x00000000767af860
 Begin Bits: [0x00000000134a0000, 0x0000000015438000)
 End Bits:   [0x0000000015438000, 0x00000000173d0000)

Polling page: 0x00000000012c0000

CodeCache: size=245760Kb used=328Kb max_used=328Kb free=245431Kb
 bounds [0x0000000003230000, 0x00000000034a0000, 0x0000000012230000]
 total_blobs=58 nmethods=0 adapters=38
 compilation: enabled

Compilation events (0 events):
No events

GC Heap History (0 events):
No events

Deoptimization events (0 events):
No events

Classes redefined (0 events):
No events

Internal exceptions (0 events):
No events

Events (10 events):
Event: 0.029 loading class java/lang/Short
Event: 0.029 loading class java/lang/Short done
Event: 0.029 loading class java/lang/Integer
Event: 0.029 loading class java/lang/Integer done
Event: 0.029 loading class java/lang/Long
Event: 0.029 loading class java/lang/Long done
Event: 0.030 loading class java/lang/NullPointerException
Event: 0.030 loading class java/lang/NullPointerException done
Event: 0.030 loading class java/lang/ArithmeticException
Event: 0.030 loading class java/lang/ArithmeticException done


Dynamic libraries:
0x00007ff6481f0000 - 0x00007ff648227000 	D:\Program Files\Java\jdk1.8.0_161\bin\java.exe
0x00007ff9b59d0000 - 0x00007ff9b5bc6000 	C:\WINDOWS\SYSTEM32\ntdll.dll
0x00007ff9b5540000 - 0x00007ff9b55fd000 	C:\WINDOWS\System32\KERNEL32.DLL
0x00007ff9b3350000 - 0x00007ff9b3619000 	C:\WINDOWS\System32\KERNELBASE.dll
0x00007ff9b5490000 - 0x00007ff9b553c000 	C:\WINDOWS\System32\ADVAPI32.dll
0x00007ff9b56e0000 - 0x00007ff9b577e000 	C:\WINDOWS\System32\msvcrt.dll
0x00007ff9b49d0000 - 0x00007ff9b4a6c000 	C:\WINDOWS\System32\sechost.dll
0x00007ff9b4b40000 - 0x00007ff9b4c6b000 	C:\WINDOWS\System32\RPCRT4.dll
0x00007ff9b3ae0000 - 0x00007ff9b3c80000 	C:\WINDOWS\System32\USER32.dll
0x00007ff9b31e0000 - 0x00007ff9b3202000 	C:\WINDOWS\System32\win32u.dll
0x00007ff9b4a70000 - 0x00007ff9b4a9a000 	C:\WINDOWS\System32\GDI32.dll
0x00007ff9b3240000 - 0x00007ff9b334b000 	C:\WINDOWS\System32\gdi32full.dll
0x00007ff9b3620000 - 0x00007ff9b36bd000 	C:\WINDOWS\System32\msvcp_win.dll
0x00007ff9b3770000 - 0x00007ff9b3870000 	C:\WINDOWS\System32\ucrtbase.dll
0x00007ff9a0300000 - 0x00007ff9a059b000 	C:\WINDOWS\WinSxS\amd64_microsoft.windows.common-controls_6595b64144ccf1df_6.0.19041.746_none_ca02b4b61b8320a4\COMCTL32.dll
0x00007ff9b4aa0000 - 0x00007ff9b4ad0000 	C:\WINDOWS\System32\IMM32.DLL
0x0000000076e10000 - 0x0000000076ee2000 	D:\Program Files\Java\jdk1.8.0_161\jre\bin\msvcr100.dll
0x0000000075f90000 - 0x000000007682f000 	D:\Program Files\Java\jdk1.8.0_161\jre\bin\server\jvm.dll
0x00007ff9b4c70000 - 0x00007ff9b4c78000 	C:\WINDOWS\System32\PSAPI.DLL
0x00007ff9a3a10000 - 0x00007ff9a3a19000 	C:\WINDOWS\SYSTEM32\WSOCK32.dll
0x00007ff9a9ef0000 - 0x00007ff9a9efa000 	C:\WINDOWS\SYSTEM32\VERSION.dll
0x00007ff9a2df0000 - 0x00007ff9a2e17000 	C:\WINDOWS\SYSTEM32\WINMM.dll
0x00007ff9b4ad0000 - 0x00007ff9b4b3b000 	C:\WINDOWS\System32\WS2_32.dll
0x0000000050020000 - 0x000000005002f000 	D:\Program Files\Java\jdk1.8.0_161\jre\bin\verify.dll
0x0000000076de0000 - 0x0000000076e09000 	D:\Program Files\Java\jdk1.8.0_161\jre\bin\java.dll
0x0000000076db0000 - 0x0000000076dd3000 	D:\Program Files\Java\jdk1.8.0_161\jre\bin\instrument.dll
0x0000000050000000 - 0x0000000050016000 	D:\Program Files\Java\jdk1.8.0_161\jre\bin\zip.dll

VM Arguments:
jvm_args: -javaagent:D:\tools\IntelliJ IDEA 211.5538.20\lib\idea_rt.jar=58851:D:\tools\IntelliJ IDEA 211.5538.20\bin -Dfile.encoding=UTF-8 
java_command: com.lks.nio.buffer.ReadOnlyDemo
java_class_path (initial): D:\Program Files\Java\jdk1.8.0_161\jre\lib\charsets.jar;D:\Program Files\Java\jdk1.8.0_161\jre\lib\deploy.jar;D:\Program Files\Java\jdk1.8.0_161\jre\lib\ext\access-bridge-64.jar;D:\Program Files\Java\jdk1.8.0_161\jre\lib\ext\cldrdata.jar;D:\Program Files\Java\jdk1.8.0_161\jre\lib\ext\dnsns.jar;D:\Program Files\Java\jdk1.8.0_161\jre\lib\ext\jaccess.jar;D:\Program Files\Java\jdk1.8.0_161\jre\lib\ext\jfxrt.jar;D:\Program Files\Java\jdk1.8.0_161\jre\lib\ext\localedata.jar;D:\Program Files\Java\jdk1.8.0_161\jre\lib\ext\nashorn.jar;D:\Program Files\Java\jdk1.8.0_161\jre\lib\ext\sunec.jar;D:\Program Files\Java\jdk1.8.0_161\jre\lib\ext\sunjce_provider.jar;D:\Program Files\Java\jdk1.8.0_161\jre\lib\ext\sunmscapi.jar;D:\Program Files\Java\jdk1.8.0_161\jre\lib\ext\sunpkcs11.jar;D:\Program Files\Java\jdk1.8.0_161\jre\lib\ext\zipfs.jar;D:\Program Files\Java\jdk1.8.0_161\jre\lib\javaws.jar;D:\Program Files\Java\jdk1.8.0_161\jre\lib\jce.jar;D:\Program Files\Java\jdk1.8.0_161\jre\lib\jfr.jar;D:\Program Files\Java\jdk1.8.0_161\jre\lib\jfxswt.jar;D:\Program Files\Java\jdk1.8.0_161\jre\lib\jsse.jar;D:\Program Files\Java\jdk1.8.0_161\jre\lib\management-agent.jar;D:\Program Files\Java\jdk1.8.0_161\jre\lib\plugin.jar;D:\Program Files\Java\jdk1.8.0_161\jre\lib\resources.jar;D:\Program Files\Java\jdk1.8.0_161\jre\lib\rt.jar;D:\workspace5\RPCDemo\target\classes;D:\tools\IntelliJ IDEA 211.5538.20\lib\idea_rt.jar
Launcher Type: SUN_STANDARD

Environment Variables:
PATH=D:\sofe\xshell\;C:\WINDOWS\system32;C:\WINDOWS;C:\WINDOWS\System32\Wbem;C:\WINDOWS\System32\WindowsPowerShell\v1.0\;C:\WINDOWS\System32\OpenSSH\;D:\tools\tortoise\bin;C:\Program Files\Git\cmd;C:\Users\Administrator\AppData\Local\Microsoft\WindowsApps;;D:\sofe\IntelliJ IDEA Community Edition 2020.3.1\bin;;D:\tools\IntelliJ IDEA 211.5538.20\bin;
USERNAME=Administrator
OS=Windows_NT
PROCESSOR_IDENTIFIER=Intel64 Family 6 Model 158 Stepping 9, GenuineIntel



---------------  S Y S T E M  ---------------

OS: Windows 10.0 , 64 bit Build 19041 (10.0.19041.804)

CPU:total 8 (initial active 8) (4 cores per cpu, 2 threads per core) family 6 model 158 stepping 9, cmov, cx8, fxsr, mmx, sse, sse2, sse3, ssse3, sse4.1, sse4.2, popcnt, avx, avx2, aes, clmul, erms, 3dnowpref, lzcnt, ht, tsc, tscinvbit, bmi1, bmi2, adx

Memory: 4k page, physical 8278180k(686540k free), swap 15894280k(5512k free)

vm_info: Java HotSpot(TM) 64-Bit Server VM (25.161-b12) for windows-amd64 JRE (1.8.0_161-b12), built on Dec 19 2017 17:52:25 by "java_re" with MS VC++ 10.0 (VS2010)

time: Tue Feb 16 12:26:35 2021
elapsed time: 0 seconds (0d 0h 0m 0s)

